%MSG-i MF_INIT_OK:  Early 22-Mar-2018 10:47:24 GMT JobSetup
Messagelogger initialization complete.
%MSG
%MSG-i DeactivatedPath:  Early 22-Mar-2018 10:47:29 GMT JobSetup
Detected end path "output" which was not found in
parameter "physics.end_paths". Path will be ignored.
%MSG
22-Mar-2018 10:47:29 GMT  Initiating request to open input file "/home/phswbb/DUNE/software/PD/data/np04_raw_run1000437_6_dl1.root"
22-Mar-2018 10:47:30 GMT  Opened input file "/home/phswbb/DUNE/software/PD/data/np04_raw_run1000437_6_dl1.root"
%MSG-d BranchID:  SSPRawDecoder:ssprawdecoder@Construction  22-Mar-2018 10:47:30 GMT ModuleConstruction
Product created with branch id: [2169073014] from branch name: "raw::OpDetWaveforms_ssprawdecoder_daq_RunRawDecoder."
%MSG
%MSG-d BranchID:  SSPRawDecoder:ssprawdecoder@Construction  22-Mar-2018 10:47:30 GMT ModuleConstruction
Product created with branch id: [3170315518] from branch name: "recob::OpHits_ssprawdecoder_daq_RunRawDecoder."
%MSG
%MSG-d BranchID:  TriggerResultInserter:TriggerResults@Construction  22-Mar-2018 10:47:30 GMT ModuleConstruction
Product created with branch id: [1997393682] from branch name: "art::TriggerResults_TriggerResults__RunRawDecoder."
%MSG
Begin processing the 1st record. run: 1000437 subRun: 1 event: 1 at 22-Mar-2018 10:47:30 GMT
%MSG-i SSPRawDecoder:  SSPRawDecoder:ssprawdecoder@ 22-Mar-2018 10:47:30 GMT  run: 1000437 subRun: 1 event: 1 SSPRawDecoder_module.cc:508
-------------------- SSP RawDecoder -------------------
%MSG
Begin processing the 2nd record. run: 1000437 subRun: 1 event: 2 at 22-Mar-2018 10:47:30 GMT
%MSG-i SSPRawDecoder:  SSPRawDecoder:ssprawdecoder@ 22-Mar-2018 10:47:30 GMT  run: 1000437 subRun: 1 event: 2 SSPRawDecoder_module.cc:508
-------------------- SSP RawDecoder -------------------
%MSG
Begin processing the 3rd record. run: 1000437 subRun: 1 event: 3 at 22-Mar-2018 10:47:30 GMT
%MSG-i SSPRawDecoder:  SSPRawDecoder:ssprawdecoder@ 22-Mar-2018 10:47:30 GMT  run: 1000437 subRun: 1 event: 3 SSPRawDecoder_module.cc:508
-------------------- SSP RawDecoder -------------------
%MSG
Begin processing the 4th record. run: 1000437 subRun: 1 event: 4 at 22-Mar-2018 10:47:31 GMT
%MSG-i SSPRawDecoder:  SSPRawDecoder:ssprawdecoder@ 22-Mar-2018 10:47:31 GMT  run: 1000437 subRun: 1 event: 4 SSPRawDecoder_module.cc:508
-------------------- SSP RawDecoder -------------------
%MSG
Begin processing the 5th record. run: 1000437 subRun: 1 event: 5 at 22-Mar-2018 10:47:31 GMT
%MSG-i SSPRawDecoder:  SSPRawDecoder:ssprawdecoder@ 22-Mar-2018 10:47:31 GMT  run: 1000437 subRun: 1 event: 5 SSPRawDecoder_module.cc:508
-------------------- SSP RawDecoder -------------------
%MSG
Begin processing the 6th record. run: 1000437 subRun: 1 event: 6 at 22-Mar-2018 10:47:31 GMT
%MSG-i SSPRawDecoder:  SSPRawDecoder:ssprawdecoder@ 22-Mar-2018 10:47:31 GMT  run: 1000437 subRun: 1 event: 6 SSPRawDecoder_module.cc:508
-------------------- SSP RawDecoder -------------------
%MSG
Begin processing the 7th record. run: 1000437 subRun: 1 event: 7 at 22-Mar-2018 10:47:31 GMT
%MSG-i SSPRawDecoder:  SSPRawDecoder:ssprawdecoder@ 22-Mar-2018 10:47:31 GMT  run: 1000437 subRun: 1 event: 7 SSPRawDecoder_module.cc:508
-------------------- SSP RawDecoder -------------------
%MSG
Begin processing the 8th record. run: 1000437 subRun: 1 event: 8 at 22-Mar-2018 10:47:31 GMT
%MSG-i SSPRawDecoder:  SSPRawDecoder:ssprawdecoder@ 22-Mar-2018 10:47:31 GMT  run: 1000437 subRun: 1 event: 8 SSPRawDecoder_module.cc:508
-------------------- SSP RawDecoder -------------------
%MSG
Begin processing the 9th record. run: 1000437 subRun: 1 event: 9 at 22-Mar-2018 10:47:31 GMT
%MSG-i SSPRawDecoder:  SSPRawDecoder:ssprawdecoder@ 22-Mar-2018 10:47:31 GMT  run: 1000437 subRun: 1 event: 9 SSPRawDecoder_module.cc:508
-------------------- SSP RawDecoder -------------------
%MSG
Begin processing the 10th record. run: 1000437 subRun: 1 event: 10 at 22-Mar-2018 10:47:31 GMT
%MSG-i SSPRawDecoder:  SSPRawDecoder:ssprawdecoder@ 22-Mar-2018 10:47:31 GMT  run: 1000437 subRun: 1 event: 10 SSPRawDecoder_module.cc:508
-------------------- SSP RawDecoder -------------------
%MSG
Begin processing the 11th record. run: 1000437 subRun: 1 event: 11 at 22-Mar-2018 10:47:31 GMT
%MSG-i SSPRawDecoder:  SSPRawDecoder:ssprawdecoder@ 22-Mar-2018 10:47:31 GMT  run: 1000437 subRun: 1 event: 11 SSPRawDecoder_module.cc:508
-------------------- SSP RawDecoder -------------------
%MSG
Begin processing the 12th record. run: 1000437 subRun: 1 event: 12 at 22-Mar-2018 10:47:31 GMT
%MSG-i SSPRawDecoder:  SSPRawDecoder:ssprawdecoder@ 22-Mar-2018 10:47:31 GMT  run: 1000437 subRun: 1 event: 12 SSPRawDecoder_module.cc:508
-------------------- SSP RawDecoder -------------------
%MSG
Begin processing the 13th record. run: 1000437 subRun: 1 event: 13 at 22-Mar-2018 10:47:31 GMT
%MSG-i SSPRawDecoder:  SSPRawDecoder:ssprawdecoder@ 22-Mar-2018 10:47:31 GMT  run: 1000437 subRun: 1 event: 13 SSPRawDecoder_module.cc:508
-------------------- SSP RawDecoder -------------------
%MSG
Begin processing the 14th record. run: 1000437 subRun: 1 event: 14 at 22-Mar-2018 10:47:31 GMT
%MSG-i SSPRawDecoder:  SSPRawDecoder:ssprawdecoder@ 22-Mar-2018 10:47:31 GMT  run: 1000437 subRun: 1 event: 14 SSPRawDecoder_module.cc:508
-------------------- SSP RawDecoder -------------------
%MSG
Begin processing the 15th record. run: 1000437 subRun: 1 event: 15 at 22-Mar-2018 10:47:31 GMT
%MSG-i SSPRawDecoder:  SSPRawDecoder:ssprawdecoder@ 22-Mar-2018 10:47:31 GMT  run: 1000437 subRun: 1 event: 15 SSPRawDecoder_module.cc:508
-------------------- SSP RawDecoder -------------------
%MSG
Begin processing the 16th record. run: 1000437 subRun: 1 event: 16 at 22-Mar-2018 10:47:31 GMT
%MSG-i SSPRawDecoder:  SSPRawDecoder:ssprawdecoder@ 22-Mar-2018 10:47:31 GMT  run: 1000437 subRun: 1 event: 16 SSPRawDecoder_module.cc:508
-------------------- SSP RawDecoder -------------------
%MSG
Begin processing the 17th record. run: 1000437 subRun: 1 event: 17 at 22-Mar-2018 10:47:31 GMT
%MSG-i SSPRawDecoder:  SSPRawDecoder:ssprawdecoder@ 22-Mar-2018 10:47:31 GMT  run: 1000437 subRun: 1 event: 17 SSPRawDecoder_module.cc:508
-------------------- SSP RawDecoder -------------------
%MSG
Begin processing the 18th record. run: 1000437 subRun: 1 event: 18 at 22-Mar-2018 10:47:31 GMT
%MSG-i SSPRawDecoder:  SSPRawDecoder:ssprawdecoder@ 22-Mar-2018 10:47:31 GMT  run: 1000437 subRun: 1 event: 18 SSPRawDecoder_module.cc:508
-------------------- SSP RawDecoder -------------------
%MSG
Begin processing the 19th record. run: 1000437 subRun: 1 event: 19 at 22-Mar-2018 10:47:31 GMT
%MSG-i SSPRawDecoder:  SSPRawDecoder:ssprawdecoder@ 22-Mar-2018 10:47:31 GMT  run: 1000437 subRun: 1 event: 19 SSPRawDecoder_module.cc:508
-------------------- SSP RawDecoder -------------------
%MSG
Begin processing the 20th record. run: 1000437 subRun: 1 event: 20 at 22-Mar-2018 10:47:31 GMT
%MSG-i SSPRawDecoder:  SSPRawDecoder:ssprawdecoder@ 22-Mar-2018 10:47:31 GMT  run: 1000437 subRun: 1 event: 20 SSPRawDecoder_module.cc:508
-------------------- SSP RawDecoder -------------------
%MSG
Begin processing the 21st record. run: 1000437 subRun: 1 event: 21 at 22-Mar-2018 10:47:31 GMT
%MSG-i SSPRawDecoder:  SSPRawDecoder:ssprawdecoder@ 22-Mar-2018 10:47:31 GMT  run: 1000437 subRun: 1 event: 21 SSPRawDecoder_module.cc:508
-------------------- SSP RawDecoder -------------------
%MSG
Begin processing the 22nd record. run: 1000437 subRun: 1 event: 22 at 22-Mar-2018 10:47:31 GMT
%MSG-i SSPRawDecoder:  SSPRawDecoder:ssprawdecoder@ 22-Mar-2018 10:47:31 GMT  run: 1000437 subRun: 1 event: 22 SSPRawDecoder_module.cc:508
-------------------- SSP RawDecoder -------------------
%MSG
Begin processing the 23rd record. run: 1000437 subRun: 1 event: 23 at 22-Mar-2018 10:47:31 GMT
%MSG-i SSPRawDecoder:  SSPRawDecoder:ssprawdecoder@ 22-Mar-2018 10:47:31 GMT  run: 1000437 subRun: 1 event: 23 SSPRawDecoder_module.cc:508
-------------------- SSP RawDecoder -------------------
%MSG
Begin processing the 24th record. run: 1000437 subRun: 1 event: 24 at 22-Mar-2018 10:47:31 GMT
%MSG-i SSPRawDecoder:  SSPRawDecoder:ssprawdecoder@ 22-Mar-2018 10:47:31 GMT  run: 1000437 subRun: 1 event: 24 SSPRawDecoder_module.cc:508
-------------------- SSP RawDecoder -------------------
%MSG
Begin processing the 25th record. run: 1000437 subRun: 1 event: 25 at 22-Mar-2018 10:47:31 GMT
%MSG-i SSPRawDecoder:  SSPRawDecoder:ssprawdecoder@ 22-Mar-2018 10:47:31 GMT  run: 1000437 subRun: 1 event: 25 SSPRawDecoder_module.cc:508
-------------------- SSP RawDecoder -------------------
%MSG
Begin processing the 26th record. run: 1000437 subRun: 1 event: 26 at 22-Mar-2018 10:47:31 GMT
%MSG-i SSPRawDecoder:  SSPRawDecoder:ssprawdecoder@ 22-Mar-2018 10:47:31 GMT  run: 1000437 subRun: 1 event: 26 SSPRawDecoder_module.cc:508
-------------------- SSP RawDecoder -------------------
%MSG
Begin processing the 27th record. run: 1000437 subRun: 1 event: 27 at 22-Mar-2018 10:47:31 GMT
%MSG-i SSPRawDecoder:  SSPRawDecoder:ssprawdecoder@ 22-Mar-2018 10:47:31 GMT  run: 1000437 subRun: 1 event: 27 SSPRawDecoder_module.cc:508
-------------------- SSP RawDecoder -------------------
%MSG
Begin processing the 28th record. run: 1000437 subRun: 1 event: 28 at 22-Mar-2018 10:47:32 GMT
%MSG-i SSPRawDecoder:  SSPRawDecoder:ssprawdecoder@ 22-Mar-2018 10:47:32 GMT  run: 1000437 subRun: 1 event: 28 SSPRawDecoder_module.cc:508
-------------------- SSP RawDecoder -------------------
%MSG
Begin processing the 29th record. run: 1000437 subRun: 1 event: 29 at 22-Mar-2018 10:47:32 GMT
%MSG-i SSPRawDecoder:  SSPRawDecoder:ssprawdecoder@ 22-Mar-2018 10:47:32 GMT  run: 1000437 subRun: 1 event: 29 SSPRawDecoder_module.cc:508
-------------------- SSP RawDecoder -------------------
%MSG
Begin processing the 30th record. run: 1000437 subRun: 1 event: 30 at 22-Mar-2018 10:47:32 GMT
%MSG-i SSPRawDecoder:  SSPRawDecoder:ssprawdecoder@ 22-Mar-2018 10:47:32 GMT  run: 1000437 subRun: 1 event: 30 SSPRawDecoder_module.cc:508
-------------------- SSP RawDecoder -------------------
%MSG
Begin processing the 31st record. run: 1000437 subRun: 1 event: 31 at 22-Mar-2018 10:47:32 GMT
%MSG-i SSPRawDecoder:  SSPRawDecoder:ssprawdecoder@ 22-Mar-2018 10:47:32 GMT  run: 1000437 subRun: 1 event: 31 SSPRawDecoder_module.cc:508
-------------------- SSP RawDecoder -------------------
%MSG
Begin processing the 32nd record. run: 1000437 subRun: 1 event: 32 at 22-Mar-2018 10:47:32 GMT
%MSG-i SSPRawDecoder:  SSPRawDecoder:ssprawdecoder@ 22-Mar-2018 10:47:32 GMT  run: 1000437 subRun: 1 event: 32 SSPRawDecoder_module.cc:508
-------------------- SSP RawDecoder -------------------
%MSG
Begin processing the 33rd record. run: 1000437 subRun: 1 event: 33 at 22-Mar-2018 10:47:32 GMT
%MSG-i SSPRawDecoder:  SSPRawDecoder:ssprawdecoder@ 22-Mar-2018 10:47:32 GMT  run: 1000437 subRun: 1 event: 33 SSPRawDecoder_module.cc:508
-------------------- SSP RawDecoder -------------------
%MSG
Begin processing the 34th record. run: 1000437 subRun: 1 event: 34 at 22-Mar-2018 10:47:32 GMT
%MSG-i SSPRawDecoder:  SSPRawDecoder:ssprawdecoder@ 22-Mar-2018 10:47:32 GMT  run: 1000437 subRun: 1 event: 34 SSPRawDecoder_module.cc:508
-------------------- SSP RawDecoder -------------------
%MSG
Begin processing the 35th record. run: 1000437 subRun: 1 event: 35 at 22-Mar-2018 10:47:32 GMT
%MSG-i SSPRawDecoder:  SSPRawDecoder:ssprawdecoder@ 22-Mar-2018 10:47:32 GMT  run: 1000437 subRun: 1 event: 35 SSPRawDecoder_module.cc:508
-------------------- SSP RawDecoder -------------------
%MSG
Begin processing the 36th record. run: 1000437 subRun: 1 event: 36 at 22-Mar-2018 10:47:32 GMT
%MSG-i SSPRawDecoder:  SSPRawDecoder:ssprawdecoder@ 22-Mar-2018 10:47:32 GMT  run: 1000437 subRun: 1 event: 36 SSPRawDecoder_module.cc:508
-------------------- SSP RawDecoder -------------------
%MSG
Begin processing the 37th record. run: 1000437 subRun: 1 event: 37 at 22-Mar-2018 10:47:32 GMT
%MSG-i SSPRawDecoder:  SSPRawDecoder:ssprawdecoder@ 22-Mar-2018 10:47:32 GMT  run: 1000437 subRun: 1 event: 37 SSPRawDecoder_module.cc:508
-------------------- SSP RawDecoder -------------------
%MSG
Begin processing the 38th record. run: 1000437 subRun: 1 event: 38 at 22-Mar-2018 10:47:33 GMT
%MSG-i SSPRawDecoder:  SSPRawDecoder:ssprawdecoder@ 22-Mar-2018 10:47:33 GMT  run: 1000437 subRun: 1 event: 38 SSPRawDecoder_module.cc:508
-------------------- SSP RawDecoder -------------------
%MSG
Begin processing the 39th record. run: 1000437 subRun: 1 event: 39 at 22-Mar-2018 10:47:33 GMT
%MSG-i SSPRawDecoder:  SSPRawDecoder:ssprawdecoder@ 22-Mar-2018 10:47:33 GMT  run: 1000437 subRun: 1 event: 39 SSPRawDecoder_module.cc:508
-------------------- SSP RawDecoder -------------------
%MSG
Begin processing the 40th record. run: 1000437 subRun: 1 event: 40 at 22-Mar-2018 10:47:33 GMT
%MSG-i SSPRawDecoder:  SSPRawDecoder:ssprawdecoder@ 22-Mar-2018 10:47:33 GMT  run: 1000437 subRun: 1 event: 40 SSPRawDecoder_module.cc:508
-------------------- SSP RawDecoder -------------------
%MSG
Begin processing the 41st record. run: 1000437 subRun: 1 event: 41 at 22-Mar-2018 10:47:33 GMT
%MSG-i SSPRawDecoder:  SSPRawDecoder:ssprawdecoder@ 22-Mar-2018 10:47:33 GMT  run: 1000437 subRun: 1 event: 41 SSPRawDecoder_module.cc:508
-------------------- SSP RawDecoder -------------------
%MSG
Begin processing the 42nd record. run: 1000437 subRun: 1 event: 42 at 22-Mar-2018 10:47:33 GMT
%MSG-i SSPRawDecoder:  SSPRawDecoder:ssprawdecoder@ 22-Mar-2018 10:47:33 GMT  run: 1000437 subRun: 1 event: 42 SSPRawDecoder_module.cc:508
-------------------- SSP RawDecoder -------------------
%MSG
Begin processing the 43rd record. run: 1000437 subRun: 1 event: 43 at 22-Mar-2018 10:47:33 GMT
%MSG-i SSPRawDecoder:  SSPRawDecoder:ssprawdecoder@ 22-Mar-2018 10:47:33 GMT  run: 1000437 subRun: 1 event: 43 SSPRawDecoder_module.cc:508
-------------------- SSP RawDecoder -------------------
%MSG
Begin processing the 44th record. run: 1000437 subRun: 1 event: 44 at 22-Mar-2018 10:47:33 GMT
%MSG-i SSPRawDecoder:  SSPRawDecoder:ssprawdecoder@ 22-Mar-2018 10:47:33 GMT  run: 1000437 subRun: 1 event: 44 SSPRawDecoder_module.cc:508
-------------------- SSP RawDecoder -------------------
%MSG
Begin processing the 45th record. run: 1000437 subRun: 1 event: 45 at 22-Mar-2018 10:47:33 GMT
%MSG-i SSPRawDecoder:  SSPRawDecoder:ssprawdecoder@ 22-Mar-2018 10:47:33 GMT  run: 1000437 subRun: 1 event: 45 SSPRawDecoder_module.cc:508
-------------------- SSP RawDecoder -------------------
%MSG
Begin processing the 46th record. run: 1000437 subRun: 1 event: 46 at 22-Mar-2018 10:47:33 GMT
%MSG-i SSPRawDecoder:  SSPRawDecoder:ssprawdecoder@ 22-Mar-2018 10:47:33 GMT  run: 1000437 subRun: 1 event: 46 SSPRawDecoder_module.cc:508
-------------------- SSP RawDecoder -------------------
%MSG
Begin processing the 47th record. run: 1000437 subRun: 1 event: 47 at 22-Mar-2018 10:47:33 GMT
%MSG-i SSPRawDecoder:  SSPRawDecoder:ssprawdecoder@ 22-Mar-2018 10:47:33 GMT  run: 1000437 subRun: 1 event: 47 SSPRawDecoder_module.cc:508
-------------------- SSP RawDecoder -------------------
%MSG
Begin processing the 48th record. run: 1000437 subRun: 1 event: 48 at 22-Mar-2018 10:47:33 GMT
%MSG-i SSPRawDecoder:  SSPRawDecoder:ssprawdecoder@ 22-Mar-2018 10:47:33 GMT  run: 1000437 subRun: 1 event: 48 SSPRawDecoder_module.cc:508
-------------------- SSP RawDecoder -------------------
%MSG
Begin processing the 49th record. run: 1000437 subRun: 1 event: 49 at 22-Mar-2018 10:47:33 GMT
%MSG-i SSPRawDecoder:  SSPRawDecoder:ssprawdecoder@ 22-Mar-2018 10:47:33 GMT  run: 1000437 subRun: 1 event: 49 SSPRawDecoder_module.cc:508
-------------------- SSP RawDecoder -------------------
%MSG
Begin processing the 50th record. run: 1000437 subRun: 1 event: 50 at 22-Mar-2018 10:47:33 GMT
%MSG-i SSPRawDecoder:  SSPRawDecoder:ssprawdecoder@ 22-Mar-2018 10:47:33 GMT  run: 1000437 subRun: 1 event: 50 SSPRawDecoder_module.cc:508
-------------------- SSP RawDecoder -------------------
%MSG
Begin processing the 51st record. run: 1000437 subRun: 1 event: 51 at 22-Mar-2018 10:47:33 GMT
%MSG-i SSPRawDecoder:  SSPRawDecoder:ssprawdecoder@ 22-Mar-2018 10:47:33 GMT  run: 1000437 subRun: 1 event: 51 SSPRawDecoder_module.cc:508
-------------------- SSP RawDecoder -------------------
%MSG
Begin processing the 52nd record. run: 1000437 subRun: 1 event: 52 at 22-Mar-2018 10:47:33 GMT
%MSG-i SSPRawDecoder:  SSPRawDecoder:ssprawdecoder@ 22-Mar-2018 10:47:33 GMT  run: 1000437 subRun: 1 event: 52 SSPRawDecoder_module.cc:508
-------------------- SSP RawDecoder -------------------
%MSG
Begin processing the 53rd record. run: 1000437 subRun: 1 event: 53 at 22-Mar-2018 10:47:33 GMT
%MSG-i SSPRawDecoder:  SSPRawDecoder:ssprawdecoder@ 22-Mar-2018 10:47:33 GMT  run: 1000437 subRun: 1 event: 53 SSPRawDecoder_module.cc:508
-------------------- SSP RawDecoder -------------------
%MSG
Begin processing the 54th record. run: 1000437 subRun: 1 event: 54 at 22-Mar-2018 10:47:34 GMT
%MSG-i SSPRawDecoder:  SSPRawDecoder:ssprawdecoder@ 22-Mar-2018 10:47:34 GMT  run: 1000437 subRun: 1 event: 54 SSPRawDecoder_module.cc:508
-------------------- SSP RawDecoder -------------------
%MSG
Begin processing the 55th record. run: 1000437 subRun: 1 event: 55 at 22-Mar-2018 10:47:34 GMT
%MSG-i SSPRawDecoder:  SSPRawDecoder:ssprawdecoder@ 22-Mar-2018 10:47:34 GMT  run: 1000437 subRun: 1 event: 55 SSPRawDecoder_module.cc:508
-------------------- SSP RawDecoder -------------------
%MSG
Begin processing the 56th record. run: 1000437 subRun: 1 event: 56 at 22-Mar-2018 10:47:34 GMT
%MSG-i SSPRawDecoder:  SSPRawDecoder:ssprawdecoder@ 22-Mar-2018 10:47:34 GMT  run: 1000437 subRun: 1 event: 56 SSPRawDecoder_module.cc:508
-------------------- SSP RawDecoder -------------------
%MSG
Begin processing the 57th record. run: 1000437 subRun: 1 event: 57 at 22-Mar-2018 10:47:34 GMT
%MSG-i SSPRawDecoder:  SSPRawDecoder:ssprawdecoder@ 22-Mar-2018 10:47:34 GMT  run: 1000437 subRun: 1 event: 57 SSPRawDecoder_module.cc:508
-------------------- SSP RawDecoder -------------------
%MSG
Begin processing the 58th record. run: 1000437 subRun: 1 event: 58 at 22-Mar-2018 10:47:34 GMT
%MSG-i SSPRawDecoder:  SSPRawDecoder:ssprawdecoder@ 22-Mar-2018 10:47:34 GMT  run: 1000437 subRun: 1 event: 58 SSPRawDecoder_module.cc:508
-------------------- SSP RawDecoder -------------------
%MSG
Begin processing the 59th record. run: 1000437 subRun: 1 event: 59 at 22-Mar-2018 10:47:34 GMT
%MSG-i SSPRawDecoder:  SSPRawDecoder:ssprawdecoder@ 22-Mar-2018 10:47:34 GMT  run: 1000437 subRun: 1 event: 59 SSPRawDecoder_module.cc:508
-------------------- SSP RawDecoder -------------------
%MSG
Begin processing the 60th record. run: 1000437 subRun: 1 event: 60 at 22-Mar-2018 10:47:34 GMT
%MSG-i SSPRawDecoder:  SSPRawDecoder:ssprawdecoder@ 22-Mar-2018 10:47:34 GMT  run: 1000437 subRun: 1 event: 60 SSPRawDecoder_module.cc:508
-------------------- SSP RawDecoder -------------------
%MSG
Begin processing the 61st record. run: 1000437 subRun: 1 event: 61 at 22-Mar-2018 10:47:34 GMT
%MSG-i SSPRawDecoder:  SSPRawDecoder:ssprawdecoder@ 22-Mar-2018 10:47:34 GMT  run: 1000437 subRun: 1 event: 61 SSPRawDecoder_module.cc:508
-------------------- SSP RawDecoder -------------------
%MSG
Begin processing the 62nd record. run: 1000437 subRun: 1 event: 62 at 22-Mar-2018 10:47:34 GMT
%MSG-i SSPRawDecoder:  SSPRawDecoder:ssprawdecoder@ 22-Mar-2018 10:47:34 GMT  run: 1000437 subRun: 1 event: 62 SSPRawDecoder_module.cc:508
-------------------- SSP RawDecoder -------------------
%MSG
Begin processing the 63rd record. run: 1000437 subRun: 1 event: 63 at 22-Mar-2018 10:47:34 GMT
%MSG-i SSPRawDecoder:  SSPRawDecoder:ssprawdecoder@ 22-Mar-2018 10:47:34 GMT  run: 1000437 subRun: 1 event: 63 SSPRawDecoder_module.cc:508
-------------------- SSP RawDecoder -------------------
%MSG
Begin processing the 64th record. run: 1000437 subRun: 1 event: 64 at 22-Mar-2018 10:47:34 GMT
%MSG-i SSPRawDecoder:  SSPRawDecoder:ssprawdecoder@ 22-Mar-2018 10:47:34 GMT  run: 1000437 subRun: 1 event: 64 SSPRawDecoder_module.cc:508
-------------------- SSP RawDecoder -------------------
%MSG
Begin processing the 65th record. run: 1000437 subRun: 1 event: 65 at 22-Mar-2018 10:47:34 GMT
%MSG-i SSPRawDecoder:  SSPRawDecoder:ssprawdecoder@ 22-Mar-2018 10:47:34 GMT  run: 1000437 subRun: 1 event: 65 SSPRawDecoder_module.cc:508
-------------------- SSP RawDecoder -------------------
%MSG
Begin processing the 66th record. run: 1000437 subRun: 1 event: 66 at 22-Mar-2018 10:47:34 GMT
%MSG-i SSPRawDecoder:  SSPRawDecoder:ssprawdecoder@ 22-Mar-2018 10:47:34 GMT  run: 1000437 subRun: 1 event: 66 SSPRawDecoder_module.cc:508
-------------------- SSP RawDecoder -------------------
%MSG
Begin processing the 67th record. run: 1000437 subRun: 1 event: 67 at 22-Mar-2018 10:47:34 GMT
%MSG-i SSPRawDecoder:  SSPRawDecoder:ssprawdecoder@ 22-Mar-2018 10:47:34 GMT  run: 1000437 subRun: 1 event: 67 SSPRawDecoder_module.cc:508
-------------------- SSP RawDecoder -------------------
%MSG
Begin processing the 68th record. run: 1000437 subRun: 1 event: 68 at 22-Mar-2018 10:47:34 GMT
%MSG-i SSPRawDecoder:  SSPRawDecoder:ssprawdecoder@ 22-Mar-2018 10:47:34 GMT  run: 1000437 subRun: 1 event: 68 SSPRawDecoder_module.cc:508
-------------------- SSP RawDecoder -------------------
%MSG
Begin processing the 69th record. run: 1000437 subRun: 1 event: 69 at 22-Mar-2018 10:47:34 GMT
%MSG-i SSPRawDecoder:  SSPRawDecoder:ssprawdecoder@ 22-Mar-2018 10:47:34 GMT  run: 1000437 subRun: 1 event: 69 SSPRawDecoder_module.cc:508
-------------------- SSP RawDecoder -------------------
%MSG
Begin processing the 70th record. run: 1000437 subRun: 1 event: 70 at 22-Mar-2018 10:47:34 GMT
%MSG-i SSPRawDecoder:  SSPRawDecoder:ssprawdecoder@ 22-Mar-2018 10:47:34 GMT  run: 1000437 subRun: 1 event: 70 SSPRawDecoder_module.cc:508
-------------------- SSP RawDecoder -------------------
%MSG
Begin processing the 71st record. run: 1000437 subRun: 1 event: 71 at 22-Mar-2018 10:47:34 GMT
%MSG-i SSPRawDecoder:  SSPRawDecoder:ssprawdecoder@ 22-Mar-2018 10:47:34 GMT  run: 1000437 subRun: 1 event: 71 SSPRawDecoder_module.cc:508
-------------------- SSP RawDecoder -------------------
%MSG
Begin processing the 72nd record. run: 1000437 subRun: 1 event: 72 at 22-Mar-2018 10:47:34 GMT
%MSG-i SSPRawDecoder:  SSPRawDecoder:ssprawdecoder@ 22-Mar-2018 10:47:34 GMT  run: 1000437 subRun: 1 event: 72 SSPRawDecoder_module.cc:508
-------------------- SSP RawDecoder -------------------
%MSG
Begin processing the 73rd record. run: 1000437 subRun: 1 event: 73 at 22-Mar-2018 10:47:34 GMT
%MSG-i SSPRawDecoder:  SSPRawDecoder:ssprawdecoder@ 22-Mar-2018 10:47:34 GMT  run: 1000437 subRun: 1 event: 73 SSPRawDecoder_module.cc:508
-------------------- SSP RawDecoder -------------------
%MSG
Begin processing the 74th record. run: 1000437 subRun: 1 event: 74 at 22-Mar-2018 10:47:34 GMT
%MSG-i SSPRawDecoder:  SSPRawDecoder:ssprawdecoder@ 22-Mar-2018 10:47:34 GMT  run: 1000437 subRun: 1 event: 74 SSPRawDecoder_module.cc:508
-------------------- SSP RawDecoder -------------------
%MSG
Begin processing the 75th record. run: 1000437 subRun: 1 event: 75 at 22-Mar-2018 10:47:34 GMT
%MSG-i SSPRawDecoder:  SSPRawDecoder:ssprawdecoder@ 22-Mar-2018 10:47:34 GMT  run: 1000437 subRun: 1 event: 75 SSPRawDecoder_module.cc:508
-------------------- SSP RawDecoder -------------------
%MSG
Begin processing the 76th record. run: 1000437 subRun: 1 event: 76 at 22-Mar-2018 10:47:35 GMT
%MSG-i SSPRawDecoder:  SSPRawDecoder:ssprawdecoder@ 22-Mar-2018 10:47:35 GMT  run: 1000437 subRun: 1 event: 76 SSPRawDecoder_module.cc:508
-------------------- SSP RawDecoder -------------------
%MSG
Begin processing the 77th record. run: 1000437 subRun: 1 event: 77 at 22-Mar-2018 10:47:35 GMT
%MSG-i SSPRawDecoder:  SSPRawDecoder:ssprawdecoder@ 22-Mar-2018 10:47:35 GMT  run: 1000437 subRun: 1 event: 77 SSPRawDecoder_module.cc:508
-------------------- SSP RawDecoder -------------------
%MSG
Begin processing the 78th record. run: 1000437 subRun: 1 event: 78 at 22-Mar-2018 10:47:35 GMT
%MSG-i SSPRawDecoder:  SSPRawDecoder:ssprawdecoder@ 22-Mar-2018 10:47:35 GMT  run: 1000437 subRun: 1 event: 78 SSPRawDecoder_module.cc:508
-------------------- SSP RawDecoder -------------------
%MSG
Begin processing the 79th record. run: 1000437 subRun: 1 event: 79 at 22-Mar-2018 10:47:35 GMT
%MSG-i SSPRawDecoder:  SSPRawDecoder:ssprawdecoder@ 22-Mar-2018 10:47:35 GMT  run: 1000437 subRun: 1 event: 79 SSPRawDecoder_module.cc:508
-------------------- SSP RawDecoder -------------------
%MSG
Begin processing the 80th record. run: 1000437 subRun: 1 event: 80 at 22-Mar-2018 10:47:35 GMT
%MSG-i SSPRawDecoder:  SSPRawDecoder:ssprawdecoder@ 22-Mar-2018 10:47:35 GMT  run: 1000437 subRun: 1 event: 80 SSPRawDecoder_module.cc:508
-------------------- SSP RawDecoder -------------------
%MSG
Begin processing the 81st record. run: 1000437 subRun: 1 event: 81 at 22-Mar-2018 10:47:35 GMT
%MSG-i SSPRawDecoder:  SSPRawDecoder:ssprawdecoder@ 22-Mar-2018 10:47:35 GMT  run: 1000437 subRun: 1 event: 81 SSPRawDecoder_module.cc:508
-------------------- SSP RawDecoder -------------------
%MSG
Begin processing the 82nd record. run: 1000437 subRun: 1 event: 82 at 22-Mar-2018 10:47:35 GMT
%MSG-i SSPRawDecoder:  SSPRawDecoder:ssprawdecoder@ 22-Mar-2018 10:47:35 GMT  run: 1000437 subRun: 1 event: 82 SSPRawDecoder_module.cc:508
-------------------- SSP RawDecoder -------------------
%MSG
Begin processing the 83rd record. run: 1000437 subRun: 1 event: 83 at 22-Mar-2018 10:47:35 GMT
%MSG-i SSPRawDecoder:  SSPRawDecoder:ssprawdecoder@ 22-Mar-2018 10:47:35 GMT  run: 1000437 subRun: 1 event: 83 SSPRawDecoder_module.cc:508
-------------------- SSP RawDecoder -------------------
%MSG
Begin processing the 84th record. run: 1000437 subRun: 1 event: 84 at 22-Mar-2018 10:47:35 GMT
%MSG-i SSPRawDecoder:  SSPRawDecoder:ssprawdecoder@ 22-Mar-2018 10:47:35 GMT  run: 1000437 subRun: 1 event: 84 SSPRawDecoder_module.cc:508
-------------------- SSP RawDecoder -------------------
%MSG
Begin processing the 85th record. run: 1000437 subRun: 1 event: 85 at 22-Mar-2018 10:47:35 GMT
%MSG-i SSPRawDecoder:  SSPRawDecoder:ssprawdecoder@ 22-Mar-2018 10:47:35 GMT  run: 1000437 subRun: 1 event: 85 SSPRawDecoder_module.cc:508
-------------------- SSP RawDecoder -------------------
%MSG
Begin processing the 86th record. run: 1000437 subRun: 1 event: 86 at 22-Mar-2018 10:47:35 GMT
%MSG-i SSPRawDecoder:  SSPRawDecoder:ssprawdecoder@ 22-Mar-2018 10:47:35 GMT  run: 1000437 subRun: 1 event: 86 SSPRawDecoder_module.cc:508
-------------------- SSP RawDecoder -------------------
%MSG
Begin processing the 87th record. run: 1000437 subRun: 1 event: 87 at 22-Mar-2018 10:47:35 GMT
%MSG-i SSPRawDecoder:  SSPRawDecoder:ssprawdecoder@ 22-Mar-2018 10:47:35 GMT  run: 1000437 subRun: 1 event: 87 SSPRawDecoder_module.cc:508
-------------------- SSP RawDecoder -------------------
%MSG
Begin processing the 88th record. run: 1000437 subRun: 1 event: 88 at 22-Mar-2018 10:47:35 GMT
%MSG-i SSPRawDecoder:  SSPRawDecoder:ssprawdecoder@ 22-Mar-2018 10:47:35 GMT  run: 1000437 subRun: 1 event: 88 SSPRawDecoder_module.cc:508
-------------------- SSP RawDecoder -------------------
%MSG
Begin processing the 89th record. run: 1000437 subRun: 1 event: 89 at 22-Mar-2018 10:47:35 GMT
%MSG-i SSPRawDecoder:  SSPRawDecoder:ssprawdecoder@ 22-Mar-2018 10:47:35 GMT  run: 1000437 subRun: 1 event: 89 SSPRawDecoder_module.cc:508
-------------------- SSP RawDecoder -------------------
%MSG
Begin processing the 90th record. run: 1000437 subRun: 1 event: 90 at 22-Mar-2018 10:47:35 GMT
%MSG-i SSPRawDecoder:  SSPRawDecoder:ssprawdecoder@ 22-Mar-2018 10:47:35 GMT  run: 1000437 subRun: 1 event: 90 SSPRawDecoder_module.cc:508
-------------------- SSP RawDecoder -------------------
%MSG
Begin processing the 91st record. run: 1000437 subRun: 1 event: 91 at 22-Mar-2018 10:47:35 GMT
%MSG-i SSPRawDecoder:  SSPRawDecoder:ssprawdecoder@ 22-Mar-2018 10:47:35 GMT  run: 1000437 subRun: 1 event: 91 SSPRawDecoder_module.cc:508
-------------------- SSP RawDecoder -------------------
%MSG
Begin processing the 92nd record. run: 1000437 subRun: 1 event: 92 at 22-Mar-2018 10:47:35 GMT
%MSG-i SSPRawDecoder:  SSPRawDecoder:ssprawdecoder@ 22-Mar-2018 10:47:35 GMT  run: 1000437 subRun: 1 event: 92 SSPRawDecoder_module.cc:508
-------------------- SSP RawDecoder -------------------
%MSG
Begin processing the 93rd record. run: 1000437 subRun: 1 event: 93 at 22-Mar-2018 10:47:35 GMT
%MSG-i SSPRawDecoder:  SSPRawDecoder:ssprawdecoder@ 22-Mar-2018 10:47:35 GMT  run: 1000437 subRun: 1 event: 93 SSPRawDecoder_module.cc:508
-------------------- SSP RawDecoder -------------------
%MSG
Begin processing the 94th record. run: 1000437 subRun: 1 event: 94 at 22-Mar-2018 10:47:35 GMT
%MSG-i SSPRawDecoder:  SSPRawDecoder:ssprawdecoder@ 22-Mar-2018 10:47:35 GMT  run: 1000437 subRun: 1 event: 94 SSPRawDecoder_module.cc:508
-------------------- SSP RawDecoder -------------------
%MSG
Begin processing the 95th record. run: 1000437 subRun: 1 event: 95 at 22-Mar-2018 10:47:35 GMT
%MSG-i SSPRawDecoder:  SSPRawDecoder:ssprawdecoder@ 22-Mar-2018 10:47:35 GMT  run: 1000437 subRun: 1 event: 95 SSPRawDecoder_module.cc:508
-------------------- SSP RawDecoder -------------------
%MSG
Begin processing the 96th record. run: 1000437 subRun: 1 event: 96 at 22-Mar-2018 10:47:35 GMT
%MSG-i SSPRawDecoder:  SSPRawDecoder:ssprawdecoder@ 22-Mar-2018 10:47:35 GMT  run: 1000437 subRun: 1 event: 96 SSPRawDecoder_module.cc:508
-------------------- SSP RawDecoder -------------------
%MSG
Begin processing the 97th record. run: 1000437 subRun: 1 event: 97 at 22-Mar-2018 10:47:35 GMT
%MSG-i SSPRawDecoder:  SSPRawDecoder:ssprawdecoder@ 22-Mar-2018 10:47:35 GMT  run: 1000437 subRun: 1 event: 97 SSPRawDecoder_module.cc:508
-------------------- SSP RawDecoder -------------------
%MSG
Begin processing the 98th record. run: 1000437 subRun: 1 event: 98 at 22-Mar-2018 10:47:35 GMT
%MSG-i SSPRawDecoder:  SSPRawDecoder:ssprawdecoder@ 22-Mar-2018 10:47:35 GMT  run: 1000437 subRun: 1 event: 98 SSPRawDecoder_module.cc:508
-------------------- SSP RawDecoder -------------------
%MSG
Begin processing the 99th record. run: 1000437 subRun: 1 event: 99 at 22-Mar-2018 10:47:36 GMT
%MSG-i SSPRawDecoder:  SSPRawDecoder:ssprawdecoder@ 22-Mar-2018 10:47:36 GMT  run: 1000437 subRun: 1 event: 99 SSPRawDecoder_module.cc:508
-------------------- SSP RawDecoder -------------------
%MSG
Begin processing the 100th record. run: 1000437 subRun: 1 event: 100 at 22-Mar-2018 10:47:36 GMT
%MSG-i SSPRawDecoder:  SSPRawDecoder:ssprawdecoder@ 22-Mar-2018 10:47:36 GMT  run: 1000437 subRun: 1 event: 100 SSPRawDecoder_module.cc:508
-------------------- SSP RawDecoder -------------------
%MSG
Begin processing the 101st record. run: 1000437 subRun: 1 event: 101 at 22-Mar-2018 10:47:36 GMT
%MSG-i SSPRawDecoder:  SSPRawDecoder:ssprawdecoder@ 22-Mar-2018 10:47:36 GMT  run: 1000437 subRun: 1 event: 101 SSPRawDecoder_module.cc:508
-------------------- SSP RawDecoder -------------------
%MSG
Begin processing the 102nd record. run: 1000437 subRun: 1 event: 102 at 22-Mar-2018 10:47:36 GMT
%MSG-i SSPRawDecoder:  SSPRawDecoder:ssprawdecoder@ 22-Mar-2018 10:47:36 GMT  run: 1000437 subRun: 1 event: 102 SSPRawDecoder_module.cc:508
-------------------- SSP RawDecoder -------------------
%MSG
Begin processing the 103rd record. run: 1000437 subRun: 1 event: 103 at 22-Mar-2018 10:47:36 GMT
%MSG-i SSPRawDecoder:  SSPRawDecoder:ssprawdecoder@ 22-Mar-2018 10:47:36 GMT  run: 1000437 subRun: 1 event: 103 SSPRawDecoder_module.cc:508
-------------------- SSP RawDecoder -------------------
%MSG
Begin processing the 104th record. run: 1000437 subRun: 1 event: 104 at 22-Mar-2018 10:47:36 GMT
%MSG-i SSPRawDecoder:  SSPRawDecoder:ssprawdecoder@ 22-Mar-2018 10:47:36 GMT  run: 1000437 subRun: 1 event: 104 SSPRawDecoder_module.cc:508
-------------------- SSP RawDecoder -------------------
%MSG
Begin processing the 105th record. run: 1000437 subRun: 1 event: 105 at 22-Mar-2018 10:47:36 GMT
%MSG-i SSPRawDecoder:  SSPRawDecoder:ssprawdecoder@ 22-Mar-2018 10:47:36 GMT  run: 1000437 subRun: 1 event: 105 SSPRawDecoder_module.cc:508
-------------------- SSP RawDecoder -------------------
%MSG
Begin processing the 106th record. run: 1000437 subRun: 1 event: 106 at 22-Mar-2018 10:47:36 GMT
%MSG-i SSPRawDecoder:  SSPRawDecoder:ssprawdecoder@ 22-Mar-2018 10:47:36 GMT  run: 1000437 subRun: 1 event: 106 SSPRawDecoder_module.cc:508
-------------------- SSP RawDecoder -------------------
%MSG
Begin processing the 107th record. run: 1000437 subRun: 1 event: 107 at 22-Mar-2018 10:47:36 GMT
%MSG-i SSPRawDecoder:  SSPRawDecoder:ssprawdecoder@ 22-Mar-2018 10:47:36 GMT  run: 1000437 subRun: 1 event: 107 SSPRawDecoder_module.cc:508
-------------------- SSP RawDecoder -------------------
%MSG
Begin processing the 108th record. run: 1000437 subRun: 1 event: 108 at 22-Mar-2018 10:47:36 GMT
%MSG-i SSPRawDecoder:  SSPRawDecoder:ssprawdecoder@ 22-Mar-2018 10:47:36 GMT  run: 1000437 subRun: 1 event: 108 SSPRawDecoder_module.cc:508
-------------------- SSP RawDecoder -------------------
%MSG
Begin processing the 109th record. run: 1000437 subRun: 1 event: 109 at 22-Mar-2018 10:47:36 GMT
%MSG-i SSPRawDecoder:  SSPRawDecoder:ssprawdecoder@ 22-Mar-2018 10:47:36 GMT  run: 1000437 subRun: 1 event: 109 SSPRawDecoder_module.cc:508
-------------------- SSP RawDecoder -------------------
%MSG
Begin processing the 110th record. run: 1000437 subRun: 1 event: 110 at 22-Mar-2018 10:47:36 GMT
%MSG-i SSPRawDecoder:  SSPRawDecoder:ssprawdecoder@ 22-Mar-2018 10:47:36 GMT  run: 1000437 subRun: 1 event: 110 SSPRawDecoder_module.cc:508
-------------------- SSP RawDecoder -------------------
%MSG
Begin processing the 111th record. run: 1000437 subRun: 1 event: 111 at 22-Mar-2018 10:47:36 GMT
%MSG-i SSPRawDecoder:  SSPRawDecoder:ssprawdecoder@ 22-Mar-2018 10:47:36 GMT  run: 1000437 subRun: 1 event: 111 SSPRawDecoder_module.cc:508
-------------------- SSP RawDecoder -------------------
%MSG
Begin processing the 112th record. run: 1000437 subRun: 1 event: 112 at 22-Mar-2018 10:47:36 GMT
%MSG-i SSPRawDecoder:  SSPRawDecoder:ssprawdecoder@ 22-Mar-2018 10:47:36 GMT  run: 1000437 subRun: 1 event: 112 SSPRawDecoder_module.cc:508
-------------------- SSP RawDecoder -------------------
%MSG
Begin processing the 113th record. run: 1000437 subRun: 1 event: 113 at 22-Mar-2018 10:47:36 GMT
%MSG-i SSPRawDecoder:  SSPRawDecoder:ssprawdecoder@ 22-Mar-2018 10:47:36 GMT  run: 1000437 subRun: 1 event: 113 SSPRawDecoder_module.cc:508
-------------------- SSP RawDecoder -------------------
%MSG
Begin processing the 114th record. run: 1000437 subRun: 1 event: 114 at 22-Mar-2018 10:47:36 GMT
%MSG-i SSPRawDecoder:  SSPRawDecoder:ssprawdecoder@ 22-Mar-2018 10:47:36 GMT  run: 1000437 subRun: 1 event: 114 SSPRawDecoder_module.cc:508
-------------------- SSP RawDecoder -------------------
%MSG
Begin processing the 115th record. run: 1000437 subRun: 1 event: 115 at 22-Mar-2018 10:47:36 GMT
%MSG-i SSPRawDecoder:  SSPRawDecoder:ssprawdecoder@ 22-Mar-2018 10:47:36 GMT  run: 1000437 subRun: 1 event: 115 SSPRawDecoder_module.cc:508
-------------------- SSP RawDecoder -------------------
%MSG
Begin processing the 116th record. run: 1000437 subRun: 1 event: 116 at 22-Mar-2018 10:47:36 GMT
%MSG-i SSPRawDecoder:  SSPRawDecoder:ssprawdecoder@ 22-Mar-2018 10:47:36 GMT  run: 1000437 subRun: 1 event: 116 SSPRawDecoder_module.cc:508
-------------------- SSP RawDecoder -------------------
%MSG
Begin processing the 117th record. run: 1000437 subRun: 1 event: 117 at 22-Mar-2018 10:47:36 GMT
%MSG-i SSPRawDecoder:  SSPRawDecoder:ssprawdecoder@ 22-Mar-2018 10:47:36 GMT  run: 1000437 subRun: 1 event: 117 SSPRawDecoder_module.cc:508
-------------------- SSP RawDecoder -------------------
%MSG
Begin processing the 118th record. run: 1000437 subRun: 1 event: 118 at 22-Mar-2018 10:47:36 GMT
%MSG-i SSPRawDecoder:  SSPRawDecoder:ssprawdecoder@ 22-Mar-2018 10:47:36 GMT  run: 1000437 subRun: 1 event: 118 SSPRawDecoder_module.cc:508
-------------------- SSP RawDecoder -------------------
%MSG
Begin processing the 119th record. run: 1000437 subRun: 1 event: 119 at 22-Mar-2018 10:47:36 GMT
%MSG-i SSPRawDecoder:  SSPRawDecoder:ssprawdecoder@ 22-Mar-2018 10:47:36 GMT  run: 1000437 subRun: 1 event: 119 SSPRawDecoder_module.cc:508
-------------------- SSP RawDecoder -------------------
%MSG
Begin processing the 120th record. run: 1000437 subRun: 1 event: 120 at 22-Mar-2018 10:47:36 GMT
%MSG-i SSPRawDecoder:  SSPRawDecoder:ssprawdecoder@ 22-Mar-2018 10:47:36 GMT  run: 1000437 subRun: 1 event: 120 SSPRawDecoder_module.cc:508
-------------------- SSP RawDecoder -------------------
%MSG
Begin processing the 121st record. run: 1000437 subRun: 1 event: 121 at 22-Mar-2018 10:47:36 GMT
%MSG-i SSPRawDecoder:  SSPRawDecoder:ssprawdecoder@ 22-Mar-2018 10:47:36 GMT  run: 1000437 subRun: 1 event: 121 SSPRawDecoder_module.cc:508
-------------------- SSP RawDecoder -------------------
%MSG
Begin processing the 122nd record. run: 1000437 subRun: 1 event: 122 at 22-Mar-2018 10:47:36 GMT
%MSG-i SSPRawDecoder:  SSPRawDecoder:ssprawdecoder@ 22-Mar-2018 10:47:36 GMT  run: 1000437 subRun: 1 event: 122 SSPRawDecoder_module.cc:508
-------------------- SSP RawDecoder -------------------
%MSG
Begin processing the 123rd record. run: 1000437 subRun: 1 event: 123 at 22-Mar-2018 10:47:36 GMT
%MSG-i SSPRawDecoder:  SSPRawDecoder:ssprawdecoder@ 22-Mar-2018 10:47:36 GMT  run: 1000437 subRun: 1 event: 123 SSPRawDecoder_module.cc:508
-------------------- SSP RawDecoder -------------------
%MSG
Begin processing the 124th record. run: 1000437 subRun: 1 event: 124 at 22-Mar-2018 10:47:36 GMT
%MSG-i SSPRawDecoder:  SSPRawDecoder:ssprawdecoder@ 22-Mar-2018 10:47:36 GMT  run: 1000437 subRun: 1 event: 124 SSPRawDecoder_module.cc:508
-------------------- SSP RawDecoder -------------------
%MSG
Begin processing the 125th record. run: 1000437 subRun: 1 event: 125 at 22-Mar-2018 10:47:36 GMT
%MSG-i SSPRawDecoder:  SSPRawDecoder:ssprawdecoder@ 22-Mar-2018 10:47:36 GMT  run: 1000437 subRun: 1 event: 125 SSPRawDecoder_module.cc:508
-------------------- SSP RawDecoder -------------------
%MSG
Begin processing the 126th record. run: 1000437 subRun: 1 event: 126 at 22-Mar-2018 10:47:36 GMT
%MSG-i SSPRawDecoder:  SSPRawDecoder:ssprawdecoder@ 22-Mar-2018 10:47:36 GMT  run: 1000437 subRun: 1 event: 126 SSPRawDecoder_module.cc:508
-------------------- SSP RawDecoder -------------------
%MSG
Begin processing the 127th record. run: 1000437 subRun: 1 event: 127 at 22-Mar-2018 10:47:36 GMT
%MSG-i SSPRawDecoder:  SSPRawDecoder:ssprawdecoder@ 22-Mar-2018 10:47:36 GMT  run: 1000437 subRun: 1 event: 127 SSPRawDecoder_module.cc:508
-------------------- SSP RawDecoder -------------------
%MSG
Begin processing the 128th record. run: 1000437 subRun: 1 event: 128 at 22-Mar-2018 10:47:37 GMT
%MSG-i SSPRawDecoder:  SSPRawDecoder:ssprawdecoder@ 22-Mar-2018 10:47:37 GMT  run: 1000437 subRun: 1 event: 128 SSPRawDecoder_module.cc:508
-------------------- SSP RawDecoder -------------------
%MSG
Begin processing the 129th record. run: 1000437 subRun: 1 event: 129 at 22-Mar-2018 10:47:37 GMT
%MSG-i SSPRawDecoder:  SSPRawDecoder:ssprawdecoder@ 22-Mar-2018 10:47:37 GMT  run: 1000437 subRun: 1 event: 129 SSPRawDecoder_module.cc:508
-------------------- SSP RawDecoder -------------------
%MSG
Begin processing the 130th record. run: 1000437 subRun: 1 event: 130 at 22-Mar-2018 10:47:37 GMT
%MSG-i SSPRawDecoder:  SSPRawDecoder:ssprawdecoder@ 22-Mar-2018 10:47:37 GMT  run: 1000437 subRun: 1 event: 130 SSPRawDecoder_module.cc:508
-------------------- SSP RawDecoder -------------------
%MSG
Begin processing the 131st record. run: 1000437 subRun: 1 event: 131 at 22-Mar-2018 10:47:37 GMT
%MSG-i SSPRawDecoder:  SSPRawDecoder:ssprawdecoder@ 22-Mar-2018 10:47:37 GMT  run: 1000437 subRun: 1 event: 131 SSPRawDecoder_module.cc:508
-------------------- SSP RawDecoder -------------------
%MSG
Begin processing the 132nd record. run: 1000437 subRun: 1 event: 132 at 22-Mar-2018 10:47:37 GMT
%MSG-i SSPRawDecoder:  SSPRawDecoder:ssprawdecoder@ 22-Mar-2018 10:47:37 GMT  run: 1000437 subRun: 1 event: 132 SSPRawDecoder_module.cc:508
-------------------- SSP RawDecoder -------------------
%MSG
Begin processing the 133rd record. run: 1000437 subRun: 1 event: 133 at 22-Mar-2018 10:47:37 GMT
%MSG-i SSPRawDecoder:  SSPRawDecoder:ssprawdecoder@ 22-Mar-2018 10:47:37 GMT  run: 1000437 subRun: 1 event: 133 SSPRawDecoder_module.cc:508
-------------------- SSP RawDecoder -------------------
%MSG
Begin processing the 134th record. run: 1000437 subRun: 1 event: 134 at 22-Mar-2018 10:47:37 GMT
%MSG-i SSPRawDecoder:  SSPRawDecoder:ssprawdecoder@ 22-Mar-2018 10:47:37 GMT  run: 1000437 subRun: 1 event: 134 SSPRawDecoder_module.cc:508
-------------------- SSP RawDecoder -------------------
%MSG
Begin processing the 135th record. run: 1000437 subRun: 1 event: 135 at 22-Mar-2018 10:47:37 GMT
%MSG-i SSPRawDecoder:  SSPRawDecoder:ssprawdecoder@ 22-Mar-2018 10:47:37 GMT  run: 1000437 subRun: 1 event: 135 SSPRawDecoder_module.cc:508
-------------------- SSP RawDecoder -------------------
%MSG
Begin processing the 136th record. run: 1000437 subRun: 1 event: 136 at 22-Mar-2018 10:47:37 GMT
%MSG-i SSPRawDecoder:  SSPRawDecoder:ssprawdecoder@ 22-Mar-2018 10:47:37 GMT  run: 1000437 subRun: 1 event: 136 SSPRawDecoder_module.cc:508
-------------------- SSP RawDecoder -------------------
%MSG
Begin processing the 137th record. run: 1000437 subRun: 1 event: 137 at 22-Mar-2018 10:47:37 GMT
%MSG-i SSPRawDecoder:  SSPRawDecoder:ssprawdecoder@ 22-Mar-2018 10:47:37 GMT  run: 1000437 subRun: 1 event: 137 SSPRawDecoder_module.cc:508
-------------------- SSP RawDecoder -------------------
%MSG
Begin processing the 138th record. run: 1000437 subRun: 1 event: 138 at 22-Mar-2018 10:47:37 GMT
%MSG-i SSPRawDecoder:  SSPRawDecoder:ssprawdecoder@ 22-Mar-2018 10:47:37 GMT  run: 1000437 subRun: 1 event: 138 SSPRawDecoder_module.cc:508
-------------------- SSP RawDecoder -------------------
%MSG
Begin processing the 139th record. run: 1000437 subRun: 1 event: 139 at 22-Mar-2018 10:47:37 GMT
%MSG-i SSPRawDecoder:  SSPRawDecoder:ssprawdecoder@ 22-Mar-2018 10:47:37 GMT  run: 1000437 subRun: 1 event: 139 SSPRawDecoder_module.cc:508
-------------------- SSP RawDecoder -------------------
%MSG
Begin processing the 140th record. run: 1000437 subRun: 1 event: 140 at 22-Mar-2018 10:47:37 GMT
%MSG-i SSPRawDecoder:  SSPRawDecoder:ssprawdecoder@ 22-Mar-2018 10:47:37 GMT  run: 1000437 subRun: 1 event: 140 SSPRawDecoder_module.cc:508
-------------------- SSP RawDecoder -------------------
%MSG
Begin processing the 141st record. run: 1000437 subRun: 1 event: 141 at 22-Mar-2018 10:47:37 GMT
%MSG-i SSPRawDecoder:  SSPRawDecoder:ssprawdecoder@ 22-Mar-2018 10:47:37 GMT  run: 1000437 subRun: 1 event: 141 SSPRawDecoder_module.cc:508
-------------------- SSP RawDecoder -------------------
%MSG
Begin processing the 142nd record. run: 1000437 subRun: 1 event: 142 at 22-Mar-2018 10:47:37 GMT
%MSG-i SSPRawDecoder:  SSPRawDecoder:ssprawdecoder@ 22-Mar-2018 10:47:37 GMT  run: 1000437 subRun: 1 event: 142 SSPRawDecoder_module.cc:508
-------------------- SSP RawDecoder -------------------
%MSG
Begin processing the 143rd record. run: 1000437 subRun: 1 event: 143 at 22-Mar-2018 10:47:37 GMT
%MSG-i SSPRawDecoder:  SSPRawDecoder:ssprawdecoder@ 22-Mar-2018 10:47:37 GMT  run: 1000437 subRun: 1 event: 143 SSPRawDecoder_module.cc:508
-------------------- SSP RawDecoder -------------------
%MSG
Begin processing the 144th record. run: 1000437 subRun: 1 event: 144 at 22-Mar-2018 10:47:37 GMT
%MSG-i SSPRawDecoder:  SSPRawDecoder:ssprawdecoder@ 22-Mar-2018 10:47:37 GMT  run: 1000437 subRun: 1 event: 144 SSPRawDecoder_module.cc:508
-------------------- SSP RawDecoder -------------------
%MSG
Begin processing the 145th record. run: 1000437 subRun: 1 event: 145 at 22-Mar-2018 10:47:37 GMT
%MSG-i SSPRawDecoder:  SSPRawDecoder:ssprawdecoder@ 22-Mar-2018 10:47:37 GMT  run: 1000437 subRun: 1 event: 145 SSPRawDecoder_module.cc:508
-------------------- SSP RawDecoder -------------------
%MSG
Begin processing the 146th record. run: 1000437 subRun: 1 event: 146 at 22-Mar-2018 10:47:37 GMT
%MSG-i SSPRawDecoder:  SSPRawDecoder:ssprawdecoder@ 22-Mar-2018 10:47:37 GMT  run: 1000437 subRun: 1 event: 146 SSPRawDecoder_module.cc:508
-------------------- SSP RawDecoder -------------------
%MSG
Begin processing the 147th record. run: 1000437 subRun: 1 event: 147 at 22-Mar-2018 10:47:37 GMT
%MSG-i SSPRawDecoder:  SSPRawDecoder:ssprawdecoder@ 22-Mar-2018 10:47:37 GMT  run: 1000437 subRun: 1 event: 147 SSPRawDecoder_module.cc:508
-------------------- SSP RawDecoder -------------------
%MSG
Begin processing the 148th record. run: 1000437 subRun: 1 event: 148 at 22-Mar-2018 10:47:37 GMT
%MSG-i SSPRawDecoder:  SSPRawDecoder:ssprawdecoder@ 22-Mar-2018 10:47:37 GMT  run: 1000437 subRun: 1 event: 148 SSPRawDecoder_module.cc:508
-------------------- SSP RawDecoder -------------------
%MSG
Begin processing the 149th record. run: 1000437 subRun: 1 event: 149 at 22-Mar-2018 10:47:37 GMT
%MSG-i SSPRawDecoder:  SSPRawDecoder:ssprawdecoder@ 22-Mar-2018 10:47:37 GMT  run: 1000437 subRun: 1 event: 149 SSPRawDecoder_module.cc:508
-------------------- SSP RawDecoder -------------------
%MSG
Begin processing the 150th record. run: 1000437 subRun: 1 event: 150 at 22-Mar-2018 10:47:37 GMT
%MSG-i SSPRawDecoder:  SSPRawDecoder:ssprawdecoder@ 22-Mar-2018 10:47:37 GMT  run: 1000437 subRun: 1 event: 150 SSPRawDecoder_module.cc:508
-------------------- SSP RawDecoder -------------------
%MSG
Begin processing the 151st record. run: 1000437 subRun: 1 event: 151 at 22-Mar-2018 10:47:37 GMT
%MSG-i SSPRawDecoder:  SSPRawDecoder:ssprawdecoder@ 22-Mar-2018 10:47:37 GMT  run: 1000437 subRun: 1 event: 151 SSPRawDecoder_module.cc:508
-------------------- SSP RawDecoder -------------------
%MSG
Begin processing the 152nd record. run: 1000437 subRun: 1 event: 152 at 22-Mar-2018 10:47:37 GMT
%MSG-i SSPRawDecoder:  SSPRawDecoder:ssprawdecoder@ 22-Mar-2018 10:47:37 GMT  run: 1000437 subRun: 1 event: 152 SSPRawDecoder_module.cc:508
-------------------- SSP RawDecoder -------------------
%MSG
Begin processing the 153rd record. run: 1000437 subRun: 1 event: 153 at 22-Mar-2018 10:47:37 GMT
%MSG-i SSPRawDecoder:  SSPRawDecoder:ssprawdecoder@ 22-Mar-2018 10:47:37 GMT  run: 1000437 subRun: 1 event: 153 SSPRawDecoder_module.cc:508
-------------------- SSP RawDecoder -------------------
%MSG
Begin processing the 154th record. run: 1000437 subRun: 1 event: 154 at 22-Mar-2018 10:47:37 GMT
%MSG-i SSPRawDecoder:  SSPRawDecoder:ssprawdecoder@ 22-Mar-2018 10:47:37 GMT  run: 1000437 subRun: 1 event: 154 SSPRawDecoder_module.cc:508
-------------------- SSP RawDecoder -------------------
%MSG
Begin processing the 155th record. run: 1000437 subRun: 1 event: 155 at 22-Mar-2018 10:47:37 GMT
%MSG-i SSPRawDecoder:  SSPRawDecoder:ssprawdecoder@ 22-Mar-2018 10:47:37 GMT  run: 1000437 subRun: 1 event: 155 SSPRawDecoder_module.cc:508
-------------------- SSP RawDecoder -------------------
%MSG
Begin processing the 156th record. run: 1000437 subRun: 1 event: 156 at 22-Mar-2018 10:47:37 GMT
%MSG-i SSPRawDecoder:  SSPRawDecoder:ssprawdecoder@ 22-Mar-2018 10:47:37 GMT  run: 1000437 subRun: 1 event: 156 SSPRawDecoder_module.cc:508
-------------------- SSP RawDecoder -------------------
%MSG
Begin processing the 157th record. run: 1000437 subRun: 1 event: 157 at 22-Mar-2018 10:47:37 GMT
%MSG-i SSPRawDecoder:  SSPRawDecoder:ssprawdecoder@ 22-Mar-2018 10:47:37 GMT  run: 1000437 subRun: 1 event: 157 SSPRawDecoder_module.cc:508
-------------------- SSP RawDecoder -------------------
%MSG
Begin processing the 158th record. run: 1000437 subRun: 1 event: 158 at 22-Mar-2018 10:47:38 GMT
%MSG-i SSPRawDecoder:  SSPRawDecoder:ssprawdecoder@ 22-Mar-2018 10:47:38 GMT  run: 1000437 subRun: 1 event: 158 SSPRawDecoder_module.cc:508
-------------------- SSP RawDecoder -------------------
%MSG
Begin processing the 159th record. run: 1000437 subRun: 1 event: 159 at 22-Mar-2018 10:47:38 GMT
%MSG-i SSPRawDecoder:  SSPRawDecoder:ssprawdecoder@ 22-Mar-2018 10:47:38 GMT  run: 1000437 subRun: 1 event: 159 SSPRawDecoder_module.cc:508
-------------------- SSP RawDecoder -------------------
%MSG
Begin processing the 160th record. run: 1000437 subRun: 1 event: 160 at 22-Mar-2018 10:47:38 GMT
%MSG-i SSPRawDecoder:  SSPRawDecoder:ssprawdecoder@ 22-Mar-2018 10:47:38 GMT  run: 1000437 subRun: 1 event: 160 SSPRawDecoder_module.cc:508
-------------------- SSP RawDecoder -------------------
%MSG
Begin processing the 161st record. run: 1000437 subRun: 1 event: 161 at 22-Mar-2018 10:47:38 GMT
%MSG-i SSPRawDecoder:  SSPRawDecoder:ssprawdecoder@ 22-Mar-2018 10:47:38 GMT  run: 1000437 subRun: 1 event: 161 SSPRawDecoder_module.cc:508
-------------------- SSP RawDecoder -------------------
%MSG
Begin processing the 162nd record. run: 1000437 subRun: 1 event: 162 at 22-Mar-2018 10:47:38 GMT
%MSG-i SSPRawDecoder:  SSPRawDecoder:ssprawdecoder@ 22-Mar-2018 10:47:38 GMT  run: 1000437 subRun: 1 event: 162 SSPRawDecoder_module.cc:508
-------------------- SSP RawDecoder -------------------
%MSG
Begin processing the 163rd record. run: 1000437 subRun: 1 event: 163 at 22-Mar-2018 10:47:38 GMT
%MSG-i SSPRawDecoder:  SSPRawDecoder:ssprawdecoder@ 22-Mar-2018 10:47:38 GMT  run: 1000437 subRun: 1 event: 163 SSPRawDecoder_module.cc:508
-------------------- SSP RawDecoder -------------------
%MSG
Begin processing the 164th record. run: 1000437 subRun: 1 event: 164 at 22-Mar-2018 10:47:38 GMT
%MSG-i SSPRawDecoder:  SSPRawDecoder:ssprawdecoder@ 22-Mar-2018 10:47:38 GMT  run: 1000437 subRun: 1 event: 164 SSPRawDecoder_module.cc:508
-------------------- SSP RawDecoder -------------------
%MSG
Begin processing the 165th record. run: 1000437 subRun: 1 event: 165 at 22-Mar-2018 10:47:38 GMT
%MSG-i SSPRawDecoder:  SSPRawDecoder:ssprawdecoder@ 22-Mar-2018 10:47:38 GMT  run: 1000437 subRun: 1 event: 165 SSPRawDecoder_module.cc:508
-------------------- SSP RawDecoder -------------------
%MSG
Begin processing the 166th record. run: 1000437 subRun: 1 event: 166 at 22-Mar-2018 10:47:38 GMT
%MSG-i SSPRawDecoder:  SSPRawDecoder:ssprawdecoder@ 22-Mar-2018 10:47:38 GMT  run: 1000437 subRun: 1 event: 166 SSPRawDecoder_module.cc:508
-------------------- SSP RawDecoder -------------------
%MSG
Begin processing the 167th record. run: 1000437 subRun: 1 event: 167 at 22-Mar-2018 10:47:38 GMT
%MSG-i SSPRawDecoder:  SSPRawDecoder:ssprawdecoder@ 22-Mar-2018 10:47:38 GMT  run: 1000437 subRun: 1 event: 167 SSPRawDecoder_module.cc:508
-------------------- SSP RawDecoder -------------------
%MSG
Begin processing the 168th record. run: 1000437 subRun: 1 event: 168 at 22-Mar-2018 10:47:38 GMT
%MSG-i SSPRawDecoder:  SSPRawDecoder:ssprawdecoder@ 22-Mar-2018 10:47:38 GMT  run: 1000437 subRun: 1 event: 168 SSPRawDecoder_module.cc:508
-------------------- SSP RawDecoder -------------------
%MSG
Begin processing the 169th record. run: 1000437 subRun: 1 event: 169 at 22-Mar-2018 10:47:38 GMT
%MSG-i SSPRawDecoder:  SSPRawDecoder:ssprawdecoder@ 22-Mar-2018 10:47:38 GMT  run: 1000437 subRun: 1 event: 169 SSPRawDecoder_module.cc:508
-------------------- SSP RawDecoder -------------------
%MSG
Begin processing the 170th record. run: 1000437 subRun: 1 event: 170 at 22-Mar-2018 10:47:38 GMT
%MSG-i SSPRawDecoder:  SSPRawDecoder:ssprawdecoder@ 22-Mar-2018 10:47:38 GMT  run: 1000437 subRun: 1 event: 170 SSPRawDecoder_module.cc:508
-------------------- SSP RawDecoder -------------------
%MSG
Begin processing the 171st record. run: 1000437 subRun: 1 event: 171 at 22-Mar-2018 10:47:38 GMT
%MSG-i SSPRawDecoder:  SSPRawDecoder:ssprawdecoder@ 22-Mar-2018 10:47:38 GMT  run: 1000437 subRun: 1 event: 171 SSPRawDecoder_module.cc:508
-------------------- SSP RawDecoder -------------------
%MSG
Begin processing the 172nd record. run: 1000437 subRun: 1 event: 172 at 22-Mar-2018 10:47:38 GMT
%MSG-i SSPRawDecoder:  SSPRawDecoder:ssprawdecoder@ 22-Mar-2018 10:47:38 GMT  run: 1000437 subRun: 1 event: 172 SSPRawDecoder_module.cc:508
-------------------- SSP RawDecoder -------------------
%MSG
Begin processing the 173rd record. run: 1000437 subRun: 1 event: 173 at 22-Mar-2018 10:47:38 GMT
%MSG-i SSPRawDecoder:  SSPRawDecoder:ssprawdecoder@ 22-Mar-2018 10:47:38 GMT  run: 1000437 subRun: 1 event: 173 SSPRawDecoder_module.cc:508
-------------------- SSP RawDecoder -------------------
%MSG
Begin processing the 174th record. run: 1000437 subRun: 1 event: 174 at 22-Mar-2018 10:47:38 GMT
%MSG-i SSPRawDecoder:  SSPRawDecoder:ssprawdecoder@ 22-Mar-2018 10:47:38 GMT  run: 1000437 subRun: 1 event: 174 SSPRawDecoder_module.cc:508
-------------------- SSP RawDecoder -------------------
%MSG
Begin processing the 175th record. run: 1000437 subRun: 1 event: 175 at 22-Mar-2018 10:47:38 GMT
%MSG-i SSPRawDecoder:  SSPRawDecoder:ssprawdecoder@ 22-Mar-2018 10:47:38 GMT  run: 1000437 subRun: 1 event: 175 SSPRawDecoder_module.cc:508
-------------------- SSP RawDecoder -------------------
%MSG
Begin processing the 176th record. run: 1000437 subRun: 1 event: 176 at 22-Mar-2018 10:47:38 GMT
%MSG-i SSPRawDecoder:  SSPRawDecoder:ssprawdecoder@ 22-Mar-2018 10:47:38 GMT  run: 1000437 subRun: 1 event: 176 SSPRawDecoder_module.cc:508
-------------------- SSP RawDecoder -------------------
%MSG
Begin processing the 177th record. run: 1000437 subRun: 1 event: 177 at 22-Mar-2018 10:47:38 GMT
%MSG-i SSPRawDecoder:  SSPRawDecoder:ssprawdecoder@ 22-Mar-2018 10:47:38 GMT  run: 1000437 subRun: 1 event: 177 SSPRawDecoder_module.cc:508
-------------------- SSP RawDecoder -------------------
%MSG
Begin processing the 178th record. run: 1000437 subRun: 1 event: 178 at 22-Mar-2018 10:47:38 GMT
%MSG-i SSPRawDecoder:  SSPRawDecoder:ssprawdecoder@ 22-Mar-2018 10:47:38 GMT  run: 1000437 subRun: 1 event: 178 SSPRawDecoder_module.cc:508
-------------------- SSP RawDecoder -------------------
%MSG
Begin processing the 179th record. run: 1000437 subRun: 1 event: 179 at 22-Mar-2018 10:47:38 GMT
%MSG-i SSPRawDecoder:  SSPRawDecoder:ssprawdecoder@ 22-Mar-2018 10:47:38 GMT  run: 1000437 subRun: 1 event: 179 SSPRawDecoder_module.cc:508
-------------------- SSP RawDecoder -------------------
%MSG
Begin processing the 180th record. run: 1000437 subRun: 1 event: 180 at 22-Mar-2018 10:47:38 GMT
%MSG-i SSPRawDecoder:  SSPRawDecoder:ssprawdecoder@ 22-Mar-2018 10:47:38 GMT  run: 1000437 subRun: 1 event: 180 SSPRawDecoder_module.cc:508
-------------------- SSP RawDecoder -------------------
%MSG
Begin processing the 181st record. run: 1000437 subRun: 1 event: 181 at 22-Mar-2018 10:47:38 GMT
%MSG-i SSPRawDecoder:  SSPRawDecoder:ssprawdecoder@ 22-Mar-2018 10:47:38 GMT  run: 1000437 subRun: 1 event: 181 SSPRawDecoder_module.cc:508
-------------------- SSP RawDecoder -------------------
%MSG
Begin processing the 182nd record. run: 1000437 subRun: 1 event: 182 at 22-Mar-2018 10:47:38 GMT
%MSG-i SSPRawDecoder:  SSPRawDecoder:ssprawdecoder@ 22-Mar-2018 10:47:38 GMT  run: 1000437 subRun: 1 event: 182 SSPRawDecoder_module.cc:508
-------------------- SSP RawDecoder -------------------
%MSG
Begin processing the 183rd record. run: 1000437 subRun: 1 event: 183 at 22-Mar-2018 10:47:38 GMT
%MSG-i SSPRawDecoder:  SSPRawDecoder:ssprawdecoder@ 22-Mar-2018 10:47:38 GMT  run: 1000437 subRun: 1 event: 183 SSPRawDecoder_module.cc:508
-------------------- SSP RawDecoder -------------------
%MSG
Begin processing the 184th record. run: 1000437 subRun: 1 event: 184 at 22-Mar-2018 10:47:38 GMT
%MSG-i SSPRawDecoder:  SSPRawDecoder:ssprawdecoder@ 22-Mar-2018 10:47:38 GMT  run: 1000437 subRun: 1 event: 184 SSPRawDecoder_module.cc:508
-------------------- SSP RawDecoder -------------------
%MSG
Begin processing the 185th record. run: 1000437 subRun: 1 event: 185 at 22-Mar-2018 10:47:38 GMT
%MSG-i SSPRawDecoder:  SSPRawDecoder:ssprawdecoder@ 22-Mar-2018 10:47:38 GMT  run: 1000437 subRun: 1 event: 185 SSPRawDecoder_module.cc:508
-------------------- SSP RawDecoder -------------------
%MSG
Begin processing the 186th record. run: 1000437 subRun: 1 event: 186 at 22-Mar-2018 10:47:38 GMT
%MSG-i SSPRawDecoder:  SSPRawDecoder:ssprawdecoder@ 22-Mar-2018 10:47:38 GMT  run: 1000437 subRun: 1 event: 186 SSPRawDecoder_module.cc:508
-------------------- SSP RawDecoder -------------------
%MSG
Begin processing the 187th record. run: 1000437 subRun: 1 event: 187 at 22-Mar-2018 10:47:39 GMT
%MSG-i SSPRawDecoder:  SSPRawDecoder:ssprawdecoder@ 22-Mar-2018 10:47:39 GMT  run: 1000437 subRun: 1 event: 187 SSPRawDecoder_module.cc:508
-------------------- SSP RawDecoder -------------------
%MSG
Begin processing the 188th record. run: 1000437 subRun: 1 event: 188 at 22-Mar-2018 10:47:39 GMT
%MSG-i SSPRawDecoder:  SSPRawDecoder:ssprawdecoder@ 22-Mar-2018 10:47:39 GMT  run: 1000437 subRun: 1 event: 188 SSPRawDecoder_module.cc:508
-------------------- SSP RawDecoder -------------------
%MSG
Begin processing the 189th record. run: 1000437 subRun: 1 event: 189 at 22-Mar-2018 10:47:39 GMT
%MSG-i SSPRawDecoder:  SSPRawDecoder:ssprawdecoder@ 22-Mar-2018 10:47:39 GMT  run: 1000437 subRun: 1 event: 189 SSPRawDecoder_module.cc:508
-------------------- SSP RawDecoder -------------------
%MSG
Begin processing the 190th record. run: 1000437 subRun: 1 event: 190 at 22-Mar-2018 10:47:39 GMT
%MSG-i SSPRawDecoder:  SSPRawDecoder:ssprawdecoder@ 22-Mar-2018 10:47:39 GMT  run: 1000437 subRun: 1 event: 190 SSPRawDecoder_module.cc:508
-------------------- SSP RawDecoder -------------------
%MSG
Begin processing the 191st record. run: 1000437 subRun: 1 event: 191 at 22-Mar-2018 10:47:39 GMT
%MSG-i SSPRawDecoder:  SSPRawDecoder:ssprawdecoder@ 22-Mar-2018 10:47:39 GMT  run: 1000437 subRun: 1 event: 191 SSPRawDecoder_module.cc:508
-------------------- SSP RawDecoder -------------------
%MSG
Begin processing the 192nd record. run: 1000437 subRun: 1 event: 192 at 22-Mar-2018 10:47:39 GMT
%MSG-i SSPRawDecoder:  SSPRawDecoder:ssprawdecoder@ 22-Mar-2018 10:47:39 GMT  run: 1000437 subRun: 1 event: 192 SSPRawDecoder_module.cc:508
-------------------- SSP RawDecoder -------------------
%MSG
Begin processing the 193rd record. run: 1000437 subRun: 1 event: 193 at 22-Mar-2018 10:47:39 GMT
%MSG-i SSPRawDecoder:  SSPRawDecoder:ssprawdecoder@ 22-Mar-2018 10:47:39 GMT  run: 1000437 subRun: 1 event: 193 SSPRawDecoder_module.cc:508
-------------------- SSP RawDecoder -------------------
%MSG
Begin processing the 194th record. run: 1000437 subRun: 1 event: 194 at 22-Mar-2018 10:47:39 GMT
%MSG-i SSPRawDecoder:  SSPRawDecoder:ssprawdecoder@ 22-Mar-2018 10:47:39 GMT  run: 1000437 subRun: 1 event: 194 SSPRawDecoder_module.cc:508
-------------------- SSP RawDecoder -------------------
%MSG
Begin processing the 195th record. run: 1000437 subRun: 1 event: 195 at 22-Mar-2018 10:47:39 GMT
%MSG-i SSPRawDecoder:  SSPRawDecoder:ssprawdecoder@ 22-Mar-2018 10:47:39 GMT  run: 1000437 subRun: 1 event: 195 SSPRawDecoder_module.cc:508
-------------------- SSP RawDecoder -------------------
%MSG
Begin processing the 196th record. run: 1000437 subRun: 1 event: 196 at 22-Mar-2018 10:47:39 GMT
%MSG-i SSPRawDecoder:  SSPRawDecoder:ssprawdecoder@ 22-Mar-2018 10:47:39 GMT  run: 1000437 subRun: 1 event: 196 SSPRawDecoder_module.cc:508
-------------------- SSP RawDecoder -------------------
%MSG
Begin processing the 197th record. run: 1000437 subRun: 1 event: 197 at 22-Mar-2018 10:47:39 GMT
%MSG-i SSPRawDecoder:  SSPRawDecoder:ssprawdecoder@ 22-Mar-2018 10:47:39 GMT  run: 1000437 subRun: 1 event: 197 SSPRawDecoder_module.cc:508
-------------------- SSP RawDecoder -------------------
%MSG
Begin processing the 198th record. run: 1000437 subRun: 1 event: 198 at 22-Mar-2018 10:47:39 GMT
%MSG-i SSPRawDecoder:  SSPRawDecoder:ssprawdecoder@ 22-Mar-2018 10:47:39 GMT  run: 1000437 subRun: 1 event: 198 SSPRawDecoder_module.cc:508
-------------------- SSP RawDecoder -------------------
%MSG
Begin processing the 199th record. run: 1000437 subRun: 1 event: 199 at 22-Mar-2018 10:47:39 GMT
%MSG-i SSPRawDecoder:  SSPRawDecoder:ssprawdecoder@ 22-Mar-2018 10:47:39 GMT  run: 1000437 subRun: 1 event: 199 SSPRawDecoder_module.cc:508
-------------------- SSP RawDecoder -------------------
%MSG
Begin processing the 200th record. run: 1000437 subRun: 1 event: 200 at 22-Mar-2018 10:47:39 GMT
%MSG-i SSPRawDecoder:  SSPRawDecoder:ssprawdecoder@ 22-Mar-2018 10:47:39 GMT  run: 1000437 subRun: 1 event: 200 SSPRawDecoder_module.cc:508
-------------------- SSP RawDecoder -------------------
%MSG
Begin processing the 201st record. run: 1000437 subRun: 1 event: 201 at 22-Mar-2018 10:47:39 GMT
%MSG-i SSPRawDecoder:  SSPRawDecoder:ssprawdecoder@ 22-Mar-2018 10:47:39 GMT  run: 1000437 subRun: 1 event: 201 SSPRawDecoder_module.cc:508
-------------------- SSP RawDecoder -------------------
%MSG
Begin processing the 202nd record. run: 1000437 subRun: 1 event: 202 at 22-Mar-2018 10:47:39 GMT
%MSG-i SSPRawDecoder:  SSPRawDecoder:ssprawdecoder@ 22-Mar-2018 10:47:39 GMT  run: 1000437 subRun: 1 event: 202 SSPRawDecoder_module.cc:508
-------------------- SSP RawDecoder -------------------
%MSG
Begin processing the 203rd record. run: 1000437 subRun: 1 event: 203 at 22-Mar-2018 10:47:39 GMT
%MSG-i SSPRawDecoder:  SSPRawDecoder:ssprawdecoder@ 22-Mar-2018 10:47:39 GMT  run: 1000437 subRun: 1 event: 203 SSPRawDecoder_module.cc:508
-------------------- SSP RawDecoder -------------------
%MSG
Begin processing the 204th record. run: 1000437 subRun: 1 event: 204 at 22-Mar-2018 10:47:39 GMT
%MSG-i SSPRawDecoder:  SSPRawDecoder:ssprawdecoder@ 22-Mar-2018 10:47:39 GMT  run: 1000437 subRun: 1 event: 204 SSPRawDecoder_module.cc:508
-------------------- SSP RawDecoder -------------------
%MSG
Begin processing the 205th record. run: 1000437 subRun: 1 event: 205 at 22-Mar-2018 10:47:39 GMT
%MSG-i SSPRawDecoder:  SSPRawDecoder:ssprawdecoder@ 22-Mar-2018 10:47:39 GMT  run: 1000437 subRun: 1 event: 205 SSPRawDecoder_module.cc:508
-------------------- SSP RawDecoder -------------------
%MSG
Begin processing the 206th record. run: 1000437 subRun: 1 event: 206 at 22-Mar-2018 10:47:39 GMT
%MSG-i SSPRawDecoder:  SSPRawDecoder:ssprawdecoder@ 22-Mar-2018 10:47:39 GMT  run: 1000437 subRun: 1 event: 206 SSPRawDecoder_module.cc:508
-------------------- SSP RawDecoder -------------------
%MSG
Begin processing the 207th record. run: 1000437 subRun: 1 event: 207 at 22-Mar-2018 10:47:39 GMT
%MSG-i SSPRawDecoder:  SSPRawDecoder:ssprawdecoder@ 22-Mar-2018 10:47:39 GMT  run: 1000437 subRun: 1 event: 207 SSPRawDecoder_module.cc:508
-------------------- SSP RawDecoder -------------------
%MSG
Begin processing the 208th record. run: 1000437 subRun: 1 event: 208 at 22-Mar-2018 10:47:39 GMT
%MSG-i SSPRawDecoder:  SSPRawDecoder:ssprawdecoder@ 22-Mar-2018 10:47:39 GMT  run: 1000437 subRun: 1 event: 208 SSPRawDecoder_module.cc:508
-------------------- SSP RawDecoder -------------------
%MSG
Begin processing the 209th record. run: 1000437 subRun: 1 event: 209 at 22-Mar-2018 10:47:39 GMT
%MSG-i SSPRawDecoder:  SSPRawDecoder:ssprawdecoder@ 22-Mar-2018 10:47:39 GMT  run: 1000437 subRun: 1 event: 209 SSPRawDecoder_module.cc:508
-------------------- SSP RawDecoder -------------------
%MSG
Begin processing the 210th record. run: 1000437 subRun: 1 event: 210 at 22-Mar-2018 10:47:39 GMT
%MSG-i SSPRawDecoder:  SSPRawDecoder:ssprawdecoder@ 22-Mar-2018 10:47:39 GMT  run: 1000437 subRun: 1 event: 210 SSPRawDecoder_module.cc:508
-------------------- SSP RawDecoder -------------------
%MSG
Begin processing the 211th record. run: 1000437 subRun: 1 event: 211 at 22-Mar-2018 10:47:39 GMT
%MSG-i SSPRawDecoder:  SSPRawDecoder:ssprawdecoder@ 22-Mar-2018 10:47:39 GMT  run: 1000437 subRun: 1 event: 211 SSPRawDecoder_module.cc:508
-------------------- SSP RawDecoder -------------------
%MSG
Begin processing the 212th record. run: 1000437 subRun: 1 event: 212 at 22-Mar-2018 10:47:39 GMT
%MSG-i SSPRawDecoder:  SSPRawDecoder:ssprawdecoder@ 22-Mar-2018 10:47:39 GMT  run: 1000437 subRun: 1 event: 212 SSPRawDecoder_module.cc:508
-------------------- SSP RawDecoder -------------------
%MSG
Begin processing the 213th record. run: 1000437 subRun: 1 event: 213 at 22-Mar-2018 10:47:39 GMT
%MSG-i SSPRawDecoder:  SSPRawDecoder:ssprawdecoder@ 22-Mar-2018 10:47:39 GMT  run: 1000437 subRun: 1 event: 213 SSPRawDecoder_module.cc:508
-------------------- SSP RawDecoder -------------------
%MSG
Begin processing the 214th record. run: 1000437 subRun: 1 event: 214 at 22-Mar-2018 10:47:39 GMT
%MSG-i SSPRawDecoder:  SSPRawDecoder:ssprawdecoder@ 22-Mar-2018 10:47:39 GMT  run: 1000437 subRun: 1 event: 214 SSPRawDecoder_module.cc:508
-------------------- SSP RawDecoder -------------------
%MSG
Begin processing the 215th record. run: 1000437 subRun: 1 event: 215 at 22-Mar-2018 10:47:39 GMT
%MSG-i SSPRawDecoder:  SSPRawDecoder:ssprawdecoder@ 22-Mar-2018 10:47:39 GMT  run: 1000437 subRun: 1 event: 215 SSPRawDecoder_module.cc:508
-------------------- SSP RawDecoder -------------------
%MSG
Begin processing the 216th record. run: 1000437 subRun: 1 event: 216 at 22-Mar-2018 10:47:39 GMT
%MSG-i SSPRawDecoder:  SSPRawDecoder:ssprawdecoder@ 22-Mar-2018 10:47:39 GMT  run: 1000437 subRun: 1 event: 216 SSPRawDecoder_module.cc:508
-------------------- SSP RawDecoder -------------------
%MSG
Begin processing the 217th record. run: 1000437 subRun: 1 event: 217 at 22-Mar-2018 10:47:39 GMT
%MSG-i SSPRawDecoder:  SSPRawDecoder:ssprawdecoder@ 22-Mar-2018 10:47:39 GMT  run: 1000437 subRun: 1 event: 217 SSPRawDecoder_module.cc:508
-------------------- SSP RawDecoder -------------------
%MSG
Begin processing the 218th record. run: 1000437 subRun: 1 event: 218 at 22-Mar-2018 10:47:40 GMT
%MSG-i SSPRawDecoder:  SSPRawDecoder:ssprawdecoder@ 22-Mar-2018 10:47:40 GMT  run: 1000437 subRun: 1 event: 218 SSPRawDecoder_module.cc:508
-------------------- SSP RawDecoder -------------------
%MSG
Begin processing the 219th record. run: 1000437 subRun: 1 event: 219 at 22-Mar-2018 10:47:40 GMT
%MSG-i SSPRawDecoder:  SSPRawDecoder:ssprawdecoder@ 22-Mar-2018 10:47:40 GMT  run: 1000437 subRun: 1 event: 219 SSPRawDecoder_module.cc:508
-------------------- SSP RawDecoder -------------------
%MSG
Begin processing the 220th record. run: 1000437 subRun: 1 event: 220 at 22-Mar-2018 10:47:40 GMT
%MSG-i SSPRawDecoder:  SSPRawDecoder:ssprawdecoder@ 22-Mar-2018 10:47:40 GMT  run: 1000437 subRun: 1 event: 220 SSPRawDecoder_module.cc:508
-------------------- SSP RawDecoder -------------------
%MSG
Begin processing the 221st record. run: 1000437 subRun: 1 event: 221 at 22-Mar-2018 10:47:40 GMT
%MSG-i SSPRawDecoder:  SSPRawDecoder:ssprawdecoder@ 22-Mar-2018 10:47:40 GMT  run: 1000437 subRun: 1 event: 221 SSPRawDecoder_module.cc:508
-------------------- SSP RawDecoder -------------------
%MSG
Begin processing the 222nd record. run: 1000437 subRun: 1 event: 222 at 22-Mar-2018 10:47:40 GMT
%MSG-i SSPRawDecoder:  SSPRawDecoder:ssprawdecoder@ 22-Mar-2018 10:47:40 GMT  run: 1000437 subRun: 1 event: 222 SSPRawDecoder_module.cc:508
-------------------- SSP RawDecoder -------------------
%MSG
Begin processing the 223rd record. run: 1000437 subRun: 1 event: 223 at 22-Mar-2018 10:47:40 GMT
%MSG-i SSPRawDecoder:  SSPRawDecoder:ssprawdecoder@ 22-Mar-2018 10:47:40 GMT  run: 1000437 subRun: 1 event: 223 SSPRawDecoder_module.cc:508
-------------------- SSP RawDecoder -------------------
%MSG
Begin processing the 224th record. run: 1000437 subRun: 1 event: 224 at 22-Mar-2018 10:47:40 GMT
%MSG-i SSPRawDecoder:  SSPRawDecoder:ssprawdecoder@ 22-Mar-2018 10:47:40 GMT  run: 1000437 subRun: 1 event: 224 SSPRawDecoder_module.cc:508
-------------------- SSP RawDecoder -------------------
%MSG
Begin processing the 225th record. run: 1000437 subRun: 1 event: 225 at 22-Mar-2018 10:47:40 GMT
%MSG-i SSPRawDecoder:  SSPRawDecoder:ssprawdecoder@ 22-Mar-2018 10:47:40 GMT  run: 1000437 subRun: 1 event: 225 SSPRawDecoder_module.cc:508
-------------------- SSP RawDecoder -------------------
%MSG
Begin processing the 226th record. run: 1000437 subRun: 1 event: 226 at 22-Mar-2018 10:47:40 GMT
%MSG-i SSPRawDecoder:  SSPRawDecoder:ssprawdecoder@ 22-Mar-2018 10:47:40 GMT  run: 1000437 subRun: 1 event: 226 SSPRawDecoder_module.cc:508
-------------------- SSP RawDecoder -------------------
%MSG
Begin processing the 227th record. run: 1000437 subRun: 1 event: 227 at 22-Mar-2018 10:47:40 GMT
%MSG-i SSPRawDecoder:  SSPRawDecoder:ssprawdecoder@ 22-Mar-2018 10:47:40 GMT  run: 1000437 subRun: 1 event: 227 SSPRawDecoder_module.cc:508
-------------------- SSP RawDecoder -------------------
%MSG
Begin processing the 228th record. run: 1000437 subRun: 1 event: 228 at 22-Mar-2018 10:47:40 GMT
%MSG-i SSPRawDecoder:  SSPRawDecoder:ssprawdecoder@ 22-Mar-2018 10:47:40 GMT  run: 1000437 subRun: 1 event: 228 SSPRawDecoder_module.cc:508
-------------------- SSP RawDecoder -------------------
%MSG
Begin processing the 229th record. run: 1000437 subRun: 1 event: 229 at 22-Mar-2018 10:47:40 GMT
%MSG-i SSPRawDecoder:  SSPRawDecoder:ssprawdecoder@ 22-Mar-2018 10:47:40 GMT  run: 1000437 subRun: 1 event: 229 SSPRawDecoder_module.cc:508
-------------------- SSP RawDecoder -------------------
%MSG
Begin processing the 230th record. run: 1000437 subRun: 1 event: 230 at 22-Mar-2018 10:47:40 GMT
%MSG-i SSPRawDecoder:  SSPRawDecoder:ssprawdecoder@ 22-Mar-2018 10:47:40 GMT  run: 1000437 subRun: 1 event: 230 SSPRawDecoder_module.cc:508
-------------------- SSP RawDecoder -------------------
%MSG
Begin processing the 231st record. run: 1000437 subRun: 1 event: 231 at 22-Mar-2018 10:47:40 GMT
%MSG-i SSPRawDecoder:  SSPRawDecoder:ssprawdecoder@ 22-Mar-2018 10:47:40 GMT  run: 1000437 subRun: 1 event: 231 SSPRawDecoder_module.cc:508
-------------------- SSP RawDecoder -------------------
%MSG
Begin processing the 232nd record. run: 1000437 subRun: 1 event: 232 at 22-Mar-2018 10:47:40 GMT
%MSG-i SSPRawDecoder:  SSPRawDecoder:ssprawdecoder@ 22-Mar-2018 10:47:40 GMT  run: 1000437 subRun: 1 event: 232 SSPRawDecoder_module.cc:508
-------------------- SSP RawDecoder -------------------
%MSG
Begin processing the 233rd record. run: 1000437 subRun: 1 event: 233 at 22-Mar-2018 10:47:40 GMT
%MSG-i SSPRawDecoder:  SSPRawDecoder:ssprawdecoder@ 22-Mar-2018 10:47:40 GMT  run: 1000437 subRun: 1 event: 233 SSPRawDecoder_module.cc:508
-------------------- SSP RawDecoder -------------------
%MSG
Begin processing the 234th record. run: 1000437 subRun: 1 event: 234 at 22-Mar-2018 10:47:40 GMT
%MSG-i SSPRawDecoder:  SSPRawDecoder:ssprawdecoder@ 22-Mar-2018 10:47:40 GMT  run: 1000437 subRun: 1 event: 234 SSPRawDecoder_module.cc:508
-------------------- SSP RawDecoder -------------------
%MSG
Begin processing the 235th record. run: 1000437 subRun: 1 event: 235 at 22-Mar-2018 10:47:40 GMT
%MSG-i SSPRawDecoder:  SSPRawDecoder:ssprawdecoder@ 22-Mar-2018 10:47:40 GMT  run: 1000437 subRun: 1 event: 235 SSPRawDecoder_module.cc:508
-------------------- SSP RawDecoder -------------------
%MSG
Begin processing the 236th record. run: 1000437 subRun: 1 event: 236 at 22-Mar-2018 10:47:40 GMT
%MSG-i SSPRawDecoder:  SSPRawDecoder:ssprawdecoder@ 22-Mar-2018 10:47:40 GMT  run: 1000437 subRun: 1 event: 236 SSPRawDecoder_module.cc:508
-------------------- SSP RawDecoder -------------------
%MSG
Begin processing the 237th record. run: 1000437 subRun: 1 event: 237 at 22-Mar-2018 10:47:40 GMT
%MSG-i SSPRawDecoder:  SSPRawDecoder:ssprawdecoder@ 22-Mar-2018 10:47:40 GMT  run: 1000437 subRun: 1 event: 237 SSPRawDecoder_module.cc:508
-------------------- SSP RawDecoder -------------------
%MSG
Begin processing the 238th record. run: 1000437 subRun: 1 event: 238 at 22-Mar-2018 10:47:40 GMT
%MSG-i SSPRawDecoder:  SSPRawDecoder:ssprawdecoder@ 22-Mar-2018 10:47:40 GMT  run: 1000437 subRun: 1 event: 238 SSPRawDecoder_module.cc:508
-------------------- SSP RawDecoder -------------------
%MSG
Begin processing the 239th record. run: 1000437 subRun: 1 event: 239 at 22-Mar-2018 10:47:40 GMT
%MSG-i SSPRawDecoder:  SSPRawDecoder:ssprawdecoder@ 22-Mar-2018 10:47:40 GMT  run: 1000437 subRun: 1 event: 239 SSPRawDecoder_module.cc:508
-------------------- SSP RawDecoder -------------------
%MSG
Begin processing the 240th record. run: 1000437 subRun: 1 event: 240 at 22-Mar-2018 10:47:40 GMT
%MSG-i SSPRawDecoder:  SSPRawDecoder:ssprawdecoder@ 22-Mar-2018 10:47:40 GMT  run: 1000437 subRun: 1 event: 240 SSPRawDecoder_module.cc:508
-------------------- SSP RawDecoder -------------------
%MSG
Begin processing the 241st record. run: 1000437 subRun: 1 event: 241 at 22-Mar-2018 10:47:40 GMT
%MSG-i SSPRawDecoder:  SSPRawDecoder:ssprawdecoder@ 22-Mar-2018 10:47:40 GMT  run: 1000437 subRun: 1 event: 241 SSPRawDecoder_module.cc:508
-------------------- SSP RawDecoder -------------------
%MSG
Begin processing the 242nd record. run: 1000437 subRun: 1 event: 242 at 22-Mar-2018 10:47:40 GMT
%MSG-i SSPRawDecoder:  SSPRawDecoder:ssprawdecoder@ 22-Mar-2018 10:47:40 GMT  run: 1000437 subRun: 1 event: 242 SSPRawDecoder_module.cc:508
-------------------- SSP RawDecoder -------------------
%MSG
Begin processing the 243rd record. run: 1000437 subRun: 1 event: 243 at 22-Mar-2018 10:47:40 GMT
%MSG-i SSPRawDecoder:  SSPRawDecoder:ssprawdecoder@ 22-Mar-2018 10:47:40 GMT  run: 1000437 subRun: 1 event: 243 SSPRawDecoder_module.cc:508
-------------------- SSP RawDecoder -------------------
%MSG
22-Mar-2018 10:47:40 GMT  Closed input file "/home/phswbb/DUNE/software/PD/data/np04_raw_run1000437_6_dl1.root"

TrigReport ---------- Event  Summary ------------
TrigReport Events total = 243 passed = 243 failed = 0

TimeReport ---------- Time  Summary ---[sec]----
TimeReport CPU = 9.047624 Real = 10.404932

MemReport  ---------- Memory  Summary ---[base-10 MB]----
MemReport  VmPeak = 725.041 VmHWM = 207.434

